<?xml version="1.0" encoding="UTF-8"?>
<!-- Generated by org.testng.reporters.JUnitReportReporter -->
<testsuite hostname="Sushanks-MacBook-Pro.local" failures="0" tests="3" name="testNGDataProvider.testNGDataProvider" time="23.173" errors="0" timestamp="2026-09-10T12:20:44 IST" skipped="0">
  <testcase classname="testNGDataProvider.testNGDataProvider" name="Browser" time="8.121"/>
  <testcase classname="testNGDataProvider.testNGDataProvider" name="Browser" time="7.233"/>
  <testcase classname="testNGDataProvider.testNGDataProvider" name="Browser" time="7.819"/>
</testsuite> <!-- testNGDataProvider.testNGDataProvider -->
