<?xml version="1.0" encoding="UTF-8"?>
<testng-results ignored="0" total="3" passed="3" failed="0" skipped="0">
  <reporter-output>
  </reporter-output>
  <suite started-at="2026-09-10T12:20:20 IST" name="Default suite" finished-at="2026-09-10T12:20:44 IST" duration-ms="23306">
    <groups>
    </groups>
    <test started-at="2026-09-10T12:20:20 IST" name="Default test" finished-at="2026-09-10T12:20:44 IST" duration-ms="23306">
      <class name="testNGDataProvider.testNGDataProvider">
        <test-method signature="Browser(java.lang.String,java.lang.String)[pri:0, instance:testNGDataProvider.testNGDataProvider@74d1dc36]" started-at="2026-09-10T12:20:20 IST" name="Browser" data-provider="TestAutomation" finished-at="2026-09-10T12:20:28 IST" duration-ms="7996" status="PASS">
          <params>
            <param index="0">
              <value>
                <![CDATA[student]]>
              </value>
            </param>
            <param index="1">
              <value>
                <![CDATA[Password123]]>
              </value>
            </param>
          </params>
          <reporter-output>
          </reporter-output>
        </test-method> <!-- Browser -->
        <test-method is-config="true" signature="tearDown()[pri:0, instance:testNGDataProvider.testNGDataProvider@74d1dc36]" started-at="2026-09-10T12:20:28 IST" name="tearDown" finished-at="2026-09-10T12:20:29 IST" duration-ms="131" status="PASS">
          <reporter-output>
          </reporter-output>
        </test-method> <!-- tearDown -->
        <test-method signature="Browser(java.lang.String,java.lang.String)[pri:0, instance:testNGDataProvider.testNGDataProvider@74d1dc36]" started-at="2026-09-10T12:20:29 IST" name="Browser" data-provider="TestAutomation" finished-at="2026-09-10T12:20:36 IST" duration-ms="7102" status="PASS">
          <params>
            <param index="0">
              <value>
                <![CDATA[student]]>
              </value>
            </param>
            <param index="1">
              <value>
                <![CDATA[Password123]]>
              </value>
            </param>
          </params>
          <reporter-output>
          </reporter-output>
        </test-method> <!-- Browser -->
        <test-method is-config="true" signature="tearDown()[pri:0, instance:testNGDataProvider.testNGDataProvider@74d1dc36]" started-at="2026-09-10T12:20:36 IST" name="tearDown" finished-at="2026-09-10T12:20:36 IST" duration-ms="125" status="PASS">
          <reporter-output>
          </reporter-output>
        </test-method> <!-- tearDown -->
        <test-method signature="Browser(java.lang.String,java.lang.String)[pri:0, instance:testNGDataProvider.testNGDataProvider@74d1dc36]" started-at="2026-09-10T12:20:36 IST" name="Browser" data-provider="TestAutomation" finished-at="2026-09-10T12:20:44 IST" duration-ms="7697" status="PASS">
          <params>
            <param index="0">
              <value>
                <![CDATA[student]]>
              </value>
            </param>
            <param index="1">
              <value>
                <![CDATA[Password123]]>
              </value>
            </param>
          </params>
          <reporter-output>
          </reporter-output>
        </test-method> <!-- Browser -->
        <test-method is-config="true" signature="tearDown()[pri:0, instance:testNGDataProvider.testNGDataProvider@74d1dc36]" started-at="2026-09-10T12:20:44 IST" name="tearDown" finished-at="2026-09-10T12:20:44 IST" duration-ms="122" status="PASS">
          <reporter-output>
          </reporter-output>
        </test-method> <!-- tearDown -->
      </class> <!-- testNGDataProvider.testNGDataProvider -->
    </test> <!-- Default test -->
  </suite> <!-- Default suite -->
</testng-results>
