<?xml version="1.0" encoding="UTF-8"?>
<testng-results ignored="0" total="1" passed="1" failed="0" skipped="0">
  <reporter-output>
  </reporter-output>
  <suite started-at="2026-09-08T16:10:36 IST" name="Default suite" finished-at="2026-09-08T16:11:19 IST" duration-ms="42319">
    <groups>
    </groups>
    <test started-at="2026-09-08T16:10:36 IST" name="Default test" finished-at="2026-09-08T16:11:19 IST" duration-ms="42319">
      <class name="javaScriptAlerts.AlertsDemo">
        <test-method signature="TestPopups()[pri:0, instance:javaScriptAlerts.AlertsDemo@54c5a2ff]" started-at="2026-09-08T16:10:36 IST" name="TestPopups" finished-at="2026-09-08T16:11:19 IST" duration-ms="42211" status="PASS">
          <reporter-output>
          </reporter-output>
        </test-method> <!-- TestPopups -->
      </class> <!-- javaScriptAlerts.AlertsDemo -->
    </test> <!-- Default test -->
  </suite> <!-- Default suite -->
</testng-results>
