<?xml version="1.0" encoding="UTF-8"?>
<!-- Generated by org.testng.reporters.JUnitReportReporter -->
<testsuite hostname="Sushanks-MacBook-Pro.local" failures="0" tests="3" name="seleniumWebDriver.Browsers.LaunchDifferentBrowsers" time="12.414" errors="0" timestamp="2026-09-01T12:30:59 IST" skipped="0">
  <testcase classname="seleniumWebDriver.Browsers.LaunchDifferentBrowsers" name="EdgeBrowser" time="2.593"/>
  <testcase classname="seleniumWebDriver.Browsers.LaunchDifferentBrowsers" name="FirefoxBrowser" time="5.260"/>
  <testcase classname="seleniumWebDriver.Browsers.LaunchDifferentBrowsers" name="ChromeBrowser" time="4.561"/>
</testsuite> <!-- seleniumWebDriver.Browsers.LaunchDifferentBrowsers -->
