<?xml version="1.0" encoding="UTF-8"?>
<!-- Generated by org.testng.reporters.JUnitXMLReporter -->
<testsuite ignored="0" hostname="Sushanks-MacBook-Pro.local" failures="0" tests="3" name="Default test" time="12.468" errors="0" timestamp="2026-09-01T12:30:59 IST">
  <testcase classname="seleniumWebDriver.Browsers.LaunchDifferentBrowsers" name="ChromeBrowser" time="4.561"/>
  <testcase classname="seleniumWebDriver.Browsers.LaunchDifferentBrowsers" name="EdgeBrowser" time="2.593"/>
  <testcase classname="seleniumWebDriver.Browsers.LaunchDifferentBrowsers" name="FirefoxBrowser" time="5.26"/>
</testsuite> <!-- Default test -->
