<?xml version="1.0" encoding="UTF-8"?>
<testng-results ignored="0" total="1" passed="1" failed="0" skipped="0">
  <reporter-output>
  </reporter-output>
  <suite started-at="2026-09-10T10:08:22 IST" name="Default suite" finished-at="2026-09-10T10:08:59 IST" duration-ms="36675">
    <groups>
    </groups>
    <test started-at="2026-09-10T10:08:22 IST" name="Default test" finished-at="2026-09-10T10:08:59 IST" duration-ms="36675">
      <class name="listBoxItemsDropDown.DropDownListBoxItems">
        <test-method is-config="true" signature="Setup()[pri:0, instance:listBoxItemsDropDown.DropDownListBoxItems@63192798]" started-at="2026-09-10T10:08:22 IST" name="Setup" finished-at="2026-09-10T10:08:27 IST" duration-ms="5264" status="PASS">
          <reporter-output>
          </reporter-output>
        </test-method> <!-- Setup -->
        <test-method signature="DropDownList()[pri:0, instance:listBoxItemsDropDown.DropDownListBoxItems@63192798]" started-at="2026-09-10T10:08:27 IST" name="DropDownList" finished-at="2026-09-10T10:08:48 IST" duration-ms="20352" status="PASS">
          <reporter-output>
          </reporter-output>
        </test-method> <!-- DropDownList -->
        <test-method is-config="true" signature="tearDown()[pri:0, instance:listBoxItemsDropDown.DropDownListBoxItems@63192798]" started-at="2026-09-10T10:08:48 IST" name="tearDown" finished-at="2026-09-10T10:08:59 IST" duration-ms="10961" status="PASS">
          <reporter-output>
          </reporter-output>
        </test-method> <!-- tearDown -->
      </class> <!-- listBoxItemsDropDown.DropDownListBoxItems -->
    </test> <!-- Default test -->
  </suite> <!-- Default suite -->
</testng-results>
