<?xml version="1.0" encoding="UTF-8"?>
<testng-results ignored="0" total="3" passed="3" failed="0" skipped="0">
  <reporter-output>
  </reporter-output>
  <suite started-at="2026-09-01T12:30:46 IST" name="Default suite" finished-at="2026-09-01T12:30:59 IST" duration-ms="12468">
    <groups>
    </groups>
    <test started-at="2026-09-01T12:30:46 IST" name="Default test" finished-at="2026-09-01T12:30:59 IST" duration-ms="12468">
      <class name="seleniumWebDriver.Browsers.LaunchDifferentBrowsers">
        <test-method signature="ChromeBrowser()[pri:0, instance:seleniumWebDriver.Browsers.LaunchDifferentBrowsers@34b7ac2f]" started-at="2026-09-01T12:30:46 IST" name="ChromeBrowser" finished-at="2026-09-01T12:30:51 IST" duration-ms="4561" status="PASS">
          <reporter-output>
          </reporter-output>
        </test-method> <!-- ChromeBrowser -->
        <test-method signature="EdgeBrowser()[pri:0, instance:seleniumWebDriver.Browsers.LaunchDifferentBrowsers@34b7ac2f]" started-at="2026-09-01T12:30:51 IST" name="EdgeBrowser" finished-at="2026-09-01T12:30:53 IST" duration-ms="2593" status="PASS">
          <reporter-output>
          </reporter-output>
        </test-method> <!-- EdgeBrowser -->
        <test-method signature="FirefoxBrowser()[pri:0, instance:seleniumWebDriver.Browsers.LaunchDifferentBrowsers@34b7ac2f]" started-at="2026-09-01T12:30:53 IST" name="FirefoxBrowser" finished-at="2026-09-01T12:30:59 IST" duration-ms="5260" status="PASS">
          <reporter-output>
          </reporter-output>
        </test-method> <!-- FirefoxBrowser -->
      </class> <!-- seleniumWebDriver.Browsers.LaunchDifferentBrowsers -->
    </test> <!-- Default test -->
  </suite> <!-- Default suite -->
</testng-results>
