<?xml version="1.0" encoding="UTF-8"?>
<testng-results ignored="0" total="1" passed="1" failed="0" skipped="0">
  <reporter-output>
  </reporter-output>
  <suite started-at="2026-09-13T19:46:35 IST" name="Default suite" finished-at="2026-09-13T19:46:36 IST" duration-ms="759">
    <groups>
    </groups>
    <test started-at="2026-09-13T19:46:35 IST" name="Default test" finished-at="2026-09-13T19:46:36 IST" duration-ms="759">
      <class name="DataBaseExecution.DataBaseExecutionStudent">
        <test-method signature="studentTable()[pri:0, instance:DataBaseExecution.DataBaseExecutionStudent@338fc1d8]" started-at="2026-09-13T19:46:35 IST" name="studentTable" finished-at="2026-09-13T19:46:36 IST" duration-ms="634" status="PASS">
          <reporter-output>
          </reporter-output>
        </test-method> <!-- studentTable -->
      </class> <!-- DataBaseExecution.DataBaseExecutionStudent -->
    </test> <!-- Default test -->
  </suite> <!-- Default suite -->
</testng-results>
