<?xml version="1.0" encoding="UTF-8"?>
<!-- Generated by org.testng.reporters.JUnitReportReporter -->
<testsuite hostname="Sushanks-MacBook-Pro.local" failures="0" tests="11" name="CICDJenkins.Allure.BrowserCommands" time="128.774" errors="0" timestamp="2026-09-07T12:37:32 IST" skipped="0">
  <testcase classname="CICDJenkins.Allure.BrowserCommands" name="ChromeBrowserTest1" time="5.714"/>
  <testcase classname="CICDJenkins.Allure.BrowserCommands" name="FirefoxBrowserTest1" time="8.314"/>
  <testcase classname="CICDJenkins.Allure.BrowserCommands" name="EdgeBrowserTest1" time="6.541"/>
  <testcase classname="CICDJenkins.Allure.BrowserCommands" name="ChromeBrowserTest2" time="9.412"/>
  <testcase classname="CICDJenkins.Allure.BrowserCommands" name="FirefoxBrowserTest2" time="42.251"/>
  <testcase classname="CICDJenkins.Allure.BrowserCommands" name="EdgeBrowserTest2" time="5.052"/>
  <testcase classname="CICDJenkins.Allure.BrowserCommands" name="ChromeBrowserTest3" time="4.741"/>
  <testcase classname="CICDJenkins.Allure.BrowserCommands" name="FirefoxBrowserTest3" time="28.761"/>
  <testcase classname="CICDJenkins.Allure.BrowserCommands" name="EdgeBrowserTest3" time="5.049"/>
  <testcase classname="CICDJenkins.Allure.BrowserCommands" name="ChromeBrowserTest4" time="4.915"/>
  <testcase classname="CICDJenkins.Allure.BrowserCommands" name="FirefoxBrowserTest4" time="8.024"/>
</testsuite> <!-- CICDJenkins.Allure.BrowserCommands -->
