<?xml version="1.0" encoding="UTF-8"?>
<!-- Generated by org.testng.reporters.JUnitXMLReporter -->
<testsuite ignored="0" hostname="Sushanks-MacBook-Pro.local" failures="0" tests="3" name="Default test" time="23.306" errors="0" timestamp="2026-09-10T12:20:44 IST">
  <testcase classname="testNGDataProvider.testNGDataProvider" name="Browser" time="7.996"/>
  <testcase classname="testNGDataProvider.testNGDataProvider" name="Browser" time="7.102"/>
  <testcase classname="testNGDataProvider.testNGDataProvider" name="Browser" time="7.697"/>
</testsuite> <!-- Default test -->
