<?xml version="1.0" encoding="UTF-8"?>
<!-- Generated by org.testng.reporters.JUnitReportReporter -->
<testsuite hostname="Sushanks-MacBook-Pro.local" failures="0" tests="11" name="seleniumWebBrowser.BrowserCommands" time="154.460" errors="0" timestamp="2026-09-07T11:40:20 IST" skipped="0">
  <testcase classname="seleniumWebBrowser.BrowserCommands" name="ChromeBrowserTest1" time="10.046"/>
  <testcase classname="seleniumWebBrowser.BrowserCommands" name="FirefoxBrowserTest1" time="82.957"/>
  <testcase classname="seleniumWebBrowser.BrowserCommands" name="EdgeBrowserTest1" time="5.498"/>
  <testcase classname="seleniumWebBrowser.BrowserCommands" name="ChromeBrowserTest2" time="4.252"/>
  <testcase classname="seleniumWebBrowser.BrowserCommands" name="FirefoxBrowserTest2" time="8.056"/>
  <testcase classname="seleniumWebBrowser.BrowserCommands" name="EdgeBrowserTest2" time="4.818"/>
  <testcase classname="seleniumWebBrowser.BrowserCommands" name="ChromeBrowserTest3" time="8.986"/>
  <testcase classname="seleniumWebBrowser.BrowserCommands" name="FirefoxBrowserTest3" time="13.167"/>
  <testcase classname="seleniumWebBrowser.BrowserCommands" name="EdgeBrowserTest3" time="3.760"/>
  <testcase classname="seleniumWebBrowser.BrowserCommands" name="ChromeBrowserTest4" time="4.722"/>
  <testcase classname="seleniumWebBrowser.BrowserCommands" name="FirefoxBrowserTest4" time="8.198"/>
</testsuite> <!-- seleniumWebBrowser.BrowserCommands -->
